<?xml version="1.0" encoding="UTF-8"?>
<testng-results skipped="0" failed="0" ignored="2" total="3" passed="1">
  <reporter-output>
  </reporter-output>
  <suite name="All Test Suite" duration-ms="53" started-at="2022-02-22T00:24:55 MSK" finished-at="2022-02-22T00:24:55 MSK">
    <groups>
    </groups>
    <test name="D:/PenProject" duration-ms="53" started-at="2022-02-22T00:24:55 MSK" finished-at="2022-02-22T00:24:55 MSK">
      <class name="PenTest">
        <test-method status="PASS" signature="createPens()[pri:0, instance:PenTest@71423665]" name="createPens" is-config="true" duration-ms="7" started-at="2022-02-22T00:24:55 MSK" finished-at="2022-02-22T00:24:55 MSK">
          <reporter-output>
          </reporter-output>
        </test-method> <!-- createPens -->
        <test-method status="PASS" signature="testIsWork()[pri:0, instance:PenTest@71423665]" name="testIsWork" duration-ms="6" started-at="2022-02-22T00:24:55 MSK" finished-at="2022-02-22T00:24:55 MSK">
          <reporter-output>
          </reporter-output>
        </test-method> <!-- testIsWork -->
      </class> <!-- PenTest -->
    </test> <!-- D:/PenProject -->
  </suite> <!-- All Test Suite -->
</testng-results>
